# JRE version: Java(TM) SE Runtime Environment (8.0_25-b17) (build 1.8.0_25-b17)
# Java VM: Java HotSpot(TM) 64-Bit Server VM (25.25-b02 mixed mode bsd-amd64 compressed oops)
Heap:
 PSYoungGen      total 190976K, used 60799K [0x00000007aab00000, 0x00000007b7700000, 0x00000007c0000000)
  eden space 174080K, 34% used [0x00000007aab00000,0x00000007ae65fc58,0x00000007b5500000)
  from space 16896K, 0% used [0x00000007b6680000,0x00000007b6680000,0x00000007b7700000)
  to   space 17408K, 0% used [0x00000007b5500000,0x00000007b5500000,0x00000007b6600000)
 ParOldGen       total 81408K, used 38942K [0x0000000780000000, 0x0000000784f80000, 0x00000007aab00000)
  object space 81408K, 47% used [0x0000000780000000,0x0000000782607b30,0x0000000784f80000)
 Metaspace       used 42245K, capacity 44272K, committed 44544K, reserved 1087488K
  class space    used 5928K, capacity 6621K, committed 6656K, reserved 1048576K
GC Heap History (10 events):
Event: 14.618 GC heap before
{Heap before GC invocations=14 (full 2):
 PSYoungGen      total 135168K, used 29393K [0x00000007aab00000, 0x00000007b5d00000, 0x00000007c0000000)
  eden space 118784K, 14% used [0x00000007aab00000,0x00000007abb4d640,0x00000007b1f00000)
  from space 16384K, 77% used [0x00000007b1f00000,0x00000007b2b66e80,0x00000007b2f00000)
  to   space 17920K, 0% used [0x00000007b4b80000,0x00000007b4b80000,0x00000007b5d00000)
 ParOldGen       total 81408K, used 33498K [0x0000000780000000, 0x0000000784f80000, 0x00000007aab00000)
  object space 81408K, 41% used [0x0000000780000000,0x00000007820b68d8,0x0000000784f80000)
 Metaspace       used 38600K, capacity 40132K, committed 40448K, reserved 1083392K
  class space    used 5510K, capacity 6055K, committed 6144K, reserved 1048576K
Event: 14.659 GC heap after
Heap after GC invocations=14 (full 2):
 PSYoungGen      total 163840K, used 12654K [0x00000007aab00000, 0x00000007b5e00000, 0x00000007c0000000)
  eden space 145920K, 0% used [0x00000007aab00000,0x00000007aab00000,0x00000007b3980000)
  from space 17920K, 70% used [0x00000007b4b80000,0x00000007b57db908,0x00000007b5d00000)
  to   space 18432K, 0% used [0x00000007b3980000,0x00000007b3980000,0x00000007b4b80000)
 ParOldGen       total 81408K, used 33498K [0x0000000780000000, 0x0000000784f80000, 0x00000007aab00000)
  object space 81408K, 41% used [0x0000000780000000,0x00000007820b68d8,0x0000000784f80000)
 Metaspace       used 38600K, capacity 40132K, committed 40448K, reserved 1083392K
  class space    used 5510K, capacity 6055K, committed 6144K, reserved 1048576K
}
Event: 14.659 GC heap before
{Heap before GC invocations=15 (full 3):
 PSYoungGen      total 163840K, used 12654K [0x00000007aab00000, 0x00000007b5e00000, 0x00000007c0000000)
  eden space 145920K, 0% used [0x00000007aab00000,0x00000007aab00000,0x00000007b3980000)
  from space 17920K, 70% used [0x00000007b4b80000,0x00000007b57db908,0x00000007b5d00000)
  to   space 18432K, 0% used [0x00000007b3980000,0x00000007b3980000,0x00000007b4b80000)
 ParOldGen       total 81408K, used 33498K [0x0000000780000000, 0x0000000784f80000, 0x00000007aab00000)
  object space 81408K, 41% used [0x0000000780000000,0x00000007820b68d8,0x0000000784f80000)
 Metaspace       used 38600K, capacity 40132K, committed 40448K, reserved 1083392K
  class space    used 5510K, capacity 6055K, committed 6144K, reserved 1048576K
Event: 15.232 GC heap after
Heap after GC invocations=15 (full 3):
 PSYoungGen      total 163840K, used 0K [0x00000007aab00000, 0x00000007b5e00000, 0x00000007c0000000)
  eden space 145920K, 0% used [0x00000007aab00000,0x00000007aab00000,0x00000007b3980000)
  from space 17920K, 0% used [0x00000007b4b80000,0x00000007b4b80000,0x00000007b5d00000)
  to   space 18432K, 0% used [0x00000007b3980000,0x00000007b3980000,0x00000007b4b80000)
 ParOldGen       total 81408K, used 35890K [0x0000000780000000, 0x0000000784f80000, 0x00000007aab00000)
  object space 81408K, 44% used [0x0000000780000000,0x000000078230cb38,0x0000000784f80000)
 Metaspace       used 38600K, capacity 40132K, committed 40448K, reserved 1083392K
  class space    used 5510K, capacity 6055K, committed 6144K, reserved 1048576K
}
Event: 196.188 GC heap before
{Heap before GC invocations=16 (full 3):
 PSYoungGen      total 163840K, used 145920K [0x00000007aab00000, 0x00000007b5e00000, 0x00000007c0000000)
  eden space 145920K, 100% used [0x00000007aab00000,0x00000007b3980000,0x00000007b3980000)
  from space 17920K, 0% used [0x00000007b4b80000,0x00000007b4b80000,0x00000007b5d00000)
  to   space 18432K, 0% used [0x00000007b3980000,0x00000007b3980000,0x00000007b4b80000)
 ParOldGen       total 81408K, used 35890K [0x0000000780000000, 0x0000000784f80000, 0x00000007aab00000)
  object space 81408K, 44% used [0x0000000780000000,0x000000078230cb38,0x0000000784f80000)
 Metaspace       used 41083K, capacity 42944K, committed 43136K, reserved 1085440K
  class space    used 5789K, capacity 6438K, committed 6528K, reserved 1048576K
Event: 196.213 GC heap after
Heap after GC invocations=16 (full 3):
 PSYoungGen      total 164352K, used 6934K [0x00000007aab00000, 0x00000007b7800000, 0x00000007c0000000)
  eden space 145920K, 0% used [0x00000007aab00000,0x00000007aab00000,0x00000007b3980000)
  from space 18432K, 37% used [0x00000007b3980000,0x00000007b40458f8,0x00000007b4b80000)
  to   space 17920K, 0% used [0x00000007b6680000,0x00000007b6680000,0x00000007b7800000)
 ParOldGen       total 81408K, used 35898K [0x0000000780000000, 0x0000000784f80000, 0x00000007aab00000)
  object space 81408K, 44% used [0x0000000780000000,0x000000078230eb38,0x0000000784f80000)
 Metaspace       used 41083K, capacity 42944K, committed 43136K, reserved 1085440K
  class space    used 5789K, capacity 6438K, committed 6528K, reserved 1048576K
}
Event: 197.467 GC heap before
{Heap before GC invocations=17 (full 3):
 PSYoungGen      total 164352K, used 34822K [0x00000007aab00000, 0x00000007b7800000, 0x00000007c0000000)
  eden space 145920K, 19% used [0x00000007aab00000,0x00000007ac63c150,0x00000007b3980000)
  from space 18432K, 37% used [0x00000007b3980000,0x00000007b40458f8,0x00000007b4b80000)
  to   space 17920K, 0% used [0x00000007b6680000,0x00000007b6680000,0x00000007b7800000)
 ParOldGen       total 81408K, used 35898K [0x0000000780000000, 0x0000000784f80000, 0x00000007aab00000)
  object space 81408K, 44% used [0x0000000780000000,0x000000078230eb38,0x0000000784f80000)
 Metaspace       used 41909K, capacity 43846K, committed 44032K, reserved 1087488K
  class space    used 5908K, capacity 6567K, committed 6656K, reserved 1048576K
Event: 197.479 GC heap after
Heap after GC invocations=17 (full 3):
 PSYoungGen      total 190976K, used 3567K [0x00000007aab00000, 0x00000007b7700000, 0x00000007c0000000)
  eden space 174080K, 0% used [0x00000007aab00000,0x00000007aab00000,0x00000007b5500000)
  from space 16896K, 21% used [0x00000007b6680000,0x00000007b69fbe18,0x00000007b7700000)
  to   space 17408K, 0% used [0x00000007b5500000,0x00000007b5500000,0x00000007b6600000)
 ParOldGen       total 81408K, used 35906K [0x0000000780000000, 0x0000000784f80000, 0x00000007aab00000)
  object space 81408K, 44% used [0x0000000780000000,0x0000000782310b38,0x0000000784f80000)
 Metaspace       used 41909K, capacity 43846K, committed 44032K, reserved 1087488K
  class space    used 5908K, capacity 6567K, committed 6656K, reserved 1048576K
}
Event: 197.479 GC heap before
{Heap before GC invocations=18 (full 4):
 PSYoungGen      total 190976K, used 3567K [0x00000007aab00000, 0x00000007b7700000, 0x00000007c0000000)
  eden space 174080K, 0% used [0x00000007aab00000,0x00000007aab00000,0x00000007b5500000)
  from space 16896K, 21% used [0x00000007b6680000,0x00000007b69fbe18,0x00000007b7700000)
  to   space 17408K, 0% used [0x00000007b5500000,0x00000007b5500000,0x00000007b6600000)
 ParOldGen       total 81408K, used 35906K [0x0000000780000000, 0x0000000784f80000, 0x00000007aab00000)
  object space 81408K, 44% used [0x0000000780000000,0x0000000782310b38,0x0000000784f80000)
 Metaspace       used 41909K, capacity 43846K, committed 44032K, reserved 1087488K
  class space    used 5908K, capacity 6567K, committed 6656K, reserved 1048576K
Event: 198.087 GC heap after
Heap after GC invocations=18 (full 4):
 PSYoungGen      total 190976K, used 0K [0x00000007aab00000, 0x00000007b7700000, 0x00000007c0000000)
  eden space 174080K, 0% used [0x00000007aab00000,0x00000007aab00000,0x00000007b5500000)
  from space 16896K, 0% used [0x00000007b6680000,0x00000007b6680000,0x00000007b7700000)
  to   space 17408K, 0% used [0x00000007b5500000,0x00000007b5500000,0x00000007b6600000)
 ParOldGen       total 81408K, used 38942K [0x0000000780000000, 0x0000000784f80000, 0x00000007aab00000)
  object space 81408K, 47% used [0x0000000780000000,0x0000000782607b30,0x0000000784f80000)
 Metaspace       used 41909K, capacity 43846K, committed 44032K, reserved 1087488K
  class space    used 5908K, capacity 6567K, committed 6656K, reserved 1048576K
}

