# JRE version: Java(TM) SE Runtime Environment (8.0_25-b17) (build 1.8.0_25-b17)
# Java VM: Java HotSpot(TM) 64-Bit Server VM (25.25-b02 mixed mode bsd-amd64 compressed oops)
Heap:
 PSYoungGen      total 323072K, used 302080K [0x00000007aab00000, 0x00000007c0000000, 0x00000007c0000000)
  eden space 302080K, 100% used [0x00000007aab00000,0x00000007bd200000,0x00000007bd200000)
  from space 20992K, 0% used [0x00000007beb00000,0x00000007beb00000,0x00000007bff80000)
  to   space 23552K, 30% used [0x00000007bd200000,0x00000007bd8fe148,0x00000007be900000)
 ParOldGen       total 72704K, used 50748K [0x0000000780000000, 0x0000000784700000, 0x00000007aab00000)
  object space 72704K, 69% used [0x0000000780000000,0x000000078318f158,0x0000000784700000)
 Metaspace       used 53016K, capacity 56568K, committed 56704K, reserved 1097728K
  class space    used 7282K, capacity 8487K, committed 8576K, reserved 1048576K
GC Heap History (10 events):
Event: 31.652 GC heap after
Heap after GC invocations=14 (full 3):
 PSYoungGen      total 299520K, used 0K [0x00000007aab00000, 0x00000007c0000000, 0x00000007c0000000)
  eden space 277504K, 0% used [0x00000007aab00000,0x00000007aab00000,0x00000007bba00000)
  from space 22016K, 0% used [0x00000007bba00000,0x00000007bba00000,0x00000007bcf80000)
  to   space 22016K, 0% used [0x00000007bea80000,0x00000007bea80000,0x00000007c0000000)
 ParOldGen       total 72704K, used 40328K [0x0000000780000000, 0x0000000784700000, 0x00000007aab00000)
  object space 72704K, 55% used [0x0000000780000000,0x0000000782762088,0x0000000784700000)
 Metaspace       used 43940K, capacity 45652K, committed 45696K, reserved 1087488K
  class space    used 6149K, capacity 6779K, committed 6784K, reserved 1048576K
}
Event: 1397.004 GC heap before
{Heap before GC invocations=15 (full 3):
 PSYoungGen      total 299520K, used 277504K [0x00000007aab00000, 0x00000007c0000000, 0x00000007c0000000)
  eden space 277504K, 100% used [0x00000007aab00000,0x00000007bba00000,0x00000007bba00000)
  from space 22016K, 0% used [0x00000007bba00000,0x00000007bba00000,0x00000007bcf80000)
  to   space 22016K, 0% used [0x00000007bea80000,0x00000007bea80000,0x00000007c0000000)
 ParOldGen       total 72704K, used 40328K [0x0000000780000000, 0x0000000784700000, 0x00000007aab00000)
  object space 72704K, 55% used [0x0000000780000000,0x0000000782762088,0x0000000784700000)
 Metaspace       used 45016K, capacity 47216K, committed 47488K, reserved 1089536K
  class space    used 6240K, capacity 7013K, committed 7040K, reserved 1048576K
Event: 1397.151 GC heap after
Heap after GC invocations=15 (full 3):
 PSYoungGen      total 326144K, used 2576K [0x00000007aab00000, 0x00000007bff00000, 0x00000007c0000000)
  eden space 305152K, 0% used [0x00000007aab00000,0x00000007aab00000,0x00000007bd500000)
  from space 20992K, 12% used [0x00000007bea80000,0x00000007bed04050,0x00000007bff00000)
  to   space 21504K, 0% used [0x00000007bd500000,0x00000007bd500000,0x00000007bea00000)
 ParOldGen       total 72704K, used 40336K [0x0000000780000000, 0x0000000784700000, 0x00000007aab00000)
  object space 72704K, 55% used [0x0000000780000000,0x0000000782764088,0x0000000784700000)
 Metaspace       used 45016K, capacity 47216K, committed 47488K, reserved 1089536K
  class space    used 6240K, capacity 7013K, committed 7040K, reserved 1048576K
}
Event: 1406.202 GC heap before
{Heap before GC invocations=16 (full 3):
 PSYoungGen      total 326144K, used 307728K [0x00000007aab00000, 0x00000007bff00000, 0x00000007c0000000)
  eden space 305152K, 100% used [0x00000007aab00000,0x00000007bd500000,0x00000007bd500000)
  from space 20992K, 12% used [0x00000007bea80000,0x00000007bed04050,0x00000007bff00000)
  to   space 21504K, 0% used [0x00000007bd500000,0x00000007bd500000,0x00000007bea00000)
 ParOldGen       total 72704K, used 40336K [0x0000000780000000, 0x0000000784700000, 0x00000007aab00000)
  object space 72704K, 55% used [0x0000000780000000,0x0000000782764088,0x0000000784700000)
 Metaspace       used 45653K, capacity 48094K, committed 48128K, reserved 1089536K
  class space    used 6288K, capacity 7160K, committed 7168K, reserved 1048576K
Event: 1406.264 GC heap after
Heap after GC invocations=16 (full 3):
 PSYoungGen      total 326656K, used 4547K [0x00000007aab00000, 0x00000007bff80000, 0x00000007c0000000)
  eden space 305152K, 0% used [0x00000007aab00000,0x00000007aab00000,0x00000007bd500000)
  from space 21504K, 21% used [0x00000007bd500000,0x00000007bd970cf0,0x00000007bea00000)
  to   space 20992K, 0% used [0x00000007beb00000,0x00000007beb00000,0x00000007bff80000)
 ParOldGen       total 72704K, used 40344K [0x0000000780000000, 0x0000000784700000, 0x00000007aab00000)
  object space 72704K, 55% used [0x0000000780000000,0x0000000782766088,0x0000000784700000)
 Metaspace       used 45653K, capacity 48094K, committed 48128K, reserved 1089536K
  class space    used 6288K, capacity 7160K, committed 7168K, reserved 1048576K
}
Event: 1416.943 GC heap before
{Heap before GC invocations=17 (full 3):
 PSYoungGen      total 326656K, used 270414K [0x00000007aab00000, 0x00000007bff80000, 0x00000007c0000000)
  eden space 305152K, 87% used [0x00000007aab00000,0x00000007baea2b10,0x00000007bd500000)
  from space 21504K, 21% used [0x00000007bd500000,0x00000007bd970cf0,0x00000007bea00000)
  to   space 20992K, 0% used [0x00000007beb00000,0x00000007beb00000,0x00000007bff80000)
 ParOldGen       total 72704K, used 40344K [0x0000000780000000, 0x0000000784700000, 0x00000007aab00000)
  object space 72704K, 55% used [0x0000000780000000,0x0000000782766088,0x0000000784700000)
 Metaspace       used 51661K, capacity 55032K, committed 55168K, reserved 1095680K
  class space    used 7154K, capacity 8310K, committed 8320K, reserved 1048576K
Event: 1417.060 GC heap after
Heap after GC invocations=17 (full 3):
 PSYoungGen      total 323072K, used 18248K [0x00000007aab00000, 0x00000007c0000000, 0x00000007c0000000)
  eden space 302080K, 0% used [0x00000007aab00000,0x00000007aab00000,0x00000007bd200000)
  from space 20992K, 86% used [0x00000007beb00000,0x00000007bfcd2300,0x00000007bff80000)
  to   space 23552K, 0% used [0x00000007bd200000,0x00000007bd200000,0x00000007be900000)
 ParOldGen       total 72704K, used 40352K [0x0000000780000000, 0x0000000784700000, 0x00000007aab00000)
  object space 72704K, 55% used [0x0000000780000000,0x0000000782768088,0x0000000784700000)
 Metaspace       used 51661K, capacity 55032K, committed 55168K, reserved 1095680K
  class space    used 7154K, capacity 8310K, committed 8320K, reserved 1048576K
}
Event: 1417.060 GC heap before
{Heap before GC invocations=18 (full 4):
 PSYoungGen      total 323072K, used 18248K [0x00000007aab00000, 0x00000007c0000000, 0x00000007c0000000)
  eden space 302080K, 0% used [0x00000007aab00000,0x00000007aab00000,0x00000007bd200000)
  from space 20992K, 86% used [0x00000007beb00000,0x00000007bfcd2300,0x00000007bff80000)
  to   space 23552K, 0% used [0x00000007bd200000,0x00000007bd200000,0x00000007be900000)
 ParOldGen       total 72704K, used 40352K [0x0000000780000000, 0x0000000784700000, 0x00000007aab00000)
  object space 72704K, 55% used [0x0000000780000000,0x0000000782768088,0x0000000784700000)
 Metaspace       used 51661K, capacity 55032K, committed 55168K, reserved 1095680K
  class space    used 7154K, capacity 8310K, committed 8320K, reserved 1048576K
Event: 1418.875 GC heap after
Heap after GC invocations=18 (full 4):
 PSYoungGen      total 323072K, used 0K [0x00000007aab00000, 0x00000007c0000000, 0x00000007c0000000)
  eden space 302080K, 0% used [0x00000007aab00000,0x00000007aab00000,0x00000007bd200000)
  from space 20992K, 0% used [0x00000007beb00000,0x00000007beb00000,0x00000007bff80000)
  to   space 23552K, 0% used [0x00000007bd200000,0x00000007bd200000,0x00000007be900000)
 ParOldGen       total 72704K, used 50740K [0x0000000780000000, 0x0000000784700000, 0x00000007aab00000)
  object space 72704K, 69% used [0x0000000780000000,0x000000078318d158,0x0000000784700000)
 Metaspace       used 51348K, capacity 54298K, committed 55168K, reserved 1095680K
  class space    used 7096K, capacity 8127K, committed 8320K, reserved 1048576K
}
Event: 1508.823 GC heap before
{Heap before GC invocations=19 (full 4):
 PSYoungGen      total 323072K, used 302080K [0x00000007aab00000, 0x00000007c0000000, 0x00000007c0000000)
  eden space 302080K, 100% used [0x00000007aab00000,0x00000007bd200000,0x00000007bd200000)
  from space 20992K, 0% used [0x00000007beb00000,0x00000007beb00000,0x00000007bff80000)
  to   space 23552K, 0% used [0x00000007bd200000,0x00000007bd200000,0x00000007be900000)
 ParOldGen       total 72704K, used 50740K [0x0000000780000000, 0x0000000784700000, 0x00000007aab00000)
  object space 72704K, 69% used [0x0000000780000000,0x000000078318d158,0x0000000784700000)
 Metaspace       used 53016K, capacity 56568K, committed 56704K, reserved 1097728K
  class space    used 7282K, capacity 8487K, committed 8576K, reserved 1048576K

